<?xml version="1.0" encoding="utf-8"?>
<TestRun id="fd13012e-fe5a-4c19-ae72-52662f1294b3" name="NTGiang@VELRA 2026-08-19 09:01:34" runUser="Velra\NTGiang" xmlns="http://microsoft.com/schemas/VisualStudio/TeamTest/2010">
  <Times creation="2026-08-19T09:01:34.9021347+09:00" queuing="2026-08-19T09:01:34.9021349+09:00" start="2026-08-19T09:01:34.3086963+09:00" finish="2026-08-19T09:01:34.9061495+09:00" />
  <TestSettings name="default" id="c7d7c490-7121-424e-b95b-455bc686d37b">
    <Deployment runDeploymentRoot="NTGiang_VELRA_2026-08-19_09_01_34" />
  </TestSettings>
  <Results>
    <UnitTestResult executionId="a25a8322-c4da-45f0-ac4f-58f583b89ca7" testId="627ab8eb-3921-2355-d646-8378ca3d64ac" testName="ExpenseTracker.Tests.UnitTest1.Test1" computerName="VELRA" duration="00:00:00.0017325" startTime="2026-08-19T09:01:34.7325520+09:00" endTime="2026-08-19T09:01:34.7384320+09:00" testType="13cdc9d9-ddb5-4fa4-a97d-d965ccfc6d4b" outcome="Passed" testListId="8c84fa94-04c1-424b-9868-57a2d4851a1d" relativeResultsDirectory="a25a8322-c4da-45f0-ac4f-58f583b89ca7" />
    <UnitTestResult executionId="77491745-7fca-46e2-ae89-232778f9b9f5" testId="4f6a32a1-bdfb-6c0c-b52c-dc1e554eb854" testName="ExpenseTracker.Tests.DbIntegrationTests.CanInsertAndReadExpense" computerName="VELRA" duration="00:00:00.0788766" startTime="2026-08-19T09:01:34.7315765+09:00" endTime="2026-08-19T09:01:34.8182275+09:00" testType="13cdc9d9-ddb5-4fa4-a97d-d965ccfc6d4b" outcome="Failed" testListId="8c84fa94-04c1-424b-9868-57a2d4851a1d" relativeResultsDirectory="77491745-7fca-46e2-ae89-232778f9b9f5">
      <Output>
        <ErrorInfo>
          <Message>Microsoft.Data.SqlClient.SqlException : A connection was successfully established with the server, but then an error occurred during the login process. (provider: SSL Provider, error: 0 - The certificate chain was issued by an authority that is not trusted.)&#xD;
---- System.ComponentModel.Win32Exception : The certificate chain was issued by an authority that is not trusted.</Message>
          <StackTrace>   at Microsoft.Data.SqlClient.SqlInternalConnection.OnError(SqlException exception, Boolean breakConnection, Action`1 wrapCloseInAction)&#xD;
   at Microsoft.Data.SqlClient.TdsParser.ThrowExceptionAndWarning(TdsParserStateObject stateObj, Boolean callerHasConnectionLock, Boolean asyncClose)&#xD;
   at Microsoft.Data.SqlClient.TdsParserStateObject.ThrowExceptionAndWarning(Boolean callerHasConnectionLock, Boolean asyncClose)&#xD;
   at Microsoft.Data.SqlClient.TdsParserStateObject.SNIWritePacket(PacketHandle packet, UInt32&amp; sniError, Boolean canAccumulate, Boolean callerHasConnectionLock, Boolean asyncClose)&#xD;
   at Microsoft.Data.SqlClient.TdsParserStateObject.WriteSni(Boolean canAccumulate)&#xD;
   at Microsoft.Data.SqlClient.TdsParserStateObject.WritePacket(Byte flushMode, Boolean canAccumulate)&#xD;
   at Microsoft.Data.SqlClient.TdsParser.TdsLogin(SqlLogin rec, FeatureExtension requestedFeatures, SessionData recoverySessionData, FederatedAuthenticationFeatureExtensionData fedAuthFeatureExtensionData, SqlConnectionEncryptOption encrypt)&#xD;
   at Microsoft.Data.SqlClient.SqlInternalConnectionTds.Login(ServerInfo server, TimeoutTimer timeout, String newPassword, SecureString newSecurePassword, SqlConnectionEncryptOption encrypt)&#xD;
   at Microsoft.Data.SqlClient.SqlInternalConnectionTds.AttemptOneLogin(ServerInfo serverInfo, String newPassword, SecureString newSecurePassword, Boolean ignoreSniOpenTimeout, TimeoutTimer timeout, Boolean withFailover)&#xD;
   at Microsoft.Data.SqlClient.SqlInternalConnectionTds.LoginNoFailover(ServerInfo serverInfo, String newPassword, SecureString newSecurePassword, Boolean redirectedUserInstance, SqlConnectionString connectionOptions, SqlCredential credential, TimeoutTimer timeout)&#xD;
   at Microsoft.Data.SqlClient.SqlInternalConnectionTds.OpenLoginEnlist(TimeoutTimer timeout, SqlConnectionString connectionOptions, SqlCredential credential, String newPassword, SecureString newSecurePassword, Boolean redirectedUserInstance)&#xD;
   at Microsoft.Data.SqlClient.SqlInternalConnectionTds..ctor(DbConnectionPoolIdentity identity, SqlConnectionString connectionOptions, SqlCredential credential, Object providerInfo, String newPassword, SecureString newSecurePassword, Boolean redirectedUserInstance, SqlConnectionString userConnectionOptions, SessionData reconnectSessionData, Boolean applyTransientFaultHandling, String accessToken, DbConnectionPool pool)&#xD;
   at Microsoft.Data.SqlClient.SqlConnectionFactory.CreateConnection(DbConnectionOptions options, DbConnectionPoolKey poolKey, Object poolGroupProviderInfo, DbConnectionPool pool, DbConnection owningConnection, DbConnectionOptions userOptions)&#xD;
   at Microsoft.Data.ProviderBase.DbConnectionFactory.CreatePooledConnection(DbConnectionPool pool, DbConnection owningObject, DbConnectionOptions options, DbConnectionPoolKey poolKey, DbConnectionOptions userOptions)&#xD;
   at Microsoft.Data.ProviderBase.DbConnectionPool.CreateObject(DbConnection owningObject, DbConnectionOptions userOptions, DbConnectionInternal oldConnection)&#xD;
   at Microsoft.Data.ProviderBase.DbConnectionPool.UserCreateRequest(DbConnection owningObject, DbConnectionOptions userOptions, DbConnectionInternal oldConnection)&#xD;
   at Microsoft.Data.ProviderBase.DbConnectionPool.TryGetConnection(DbConnection owningObject, UInt32 waitForMultipleObjectsTimeout, Boolean allowCreate, Boolean onlyOneCheckConnection, DbConnectionOptions userOptions, DbConnectionInternal&amp; connection)&#xD;
   at Microsoft.Data.ProviderBase.DbConnectionPool.TryGetConnection(DbConnection owningObject, TaskCompletionSource`1 retry, DbConnectionOptions userOptions, DbConnectionInternal&amp; connection)&#xD;
   at Microsoft.Data.ProviderBase.DbConnectionFactory.TryGetConnection(DbConnection owningConnection, TaskCompletionSource`1 retry, DbConnectionOptions userOptions, DbConnectionInternal oldConnection, DbConnectionInternal&amp; connection)&#xD;
   at Microsoft.Data.ProviderBase.DbConnectionInternal.TryOpenConnectionInternal(DbConnection outerConnection, DbConnectionFactory connectionFactory, TaskCompletionSource`1 retry, DbConnectionOptions userOptions)&#xD;
   at Microsoft.Data.ProviderBase.DbConnectionClosed.TryOpenConnection(DbConnection outerConnection, DbConnectionFactory connectionFactory, TaskCompletionSource`1 retry, DbConnectionOptions userOptions)&#xD;
   at Microsoft.Data.SqlClient.SqlConnection.TryOpen(TaskCompletionSource`1 retry, SqlConnectionOverrides overrides)&#xD;
   at Microsoft.Data.SqlClient.SqlConnection.Open(SqlConnectionOverrides overrides)&#xD;
   at Microsoft.Data.SqlClient.SqlConnection.Open()&#xD;
   at ExpenseTracker.Tests.DbIntegrationTests.CanInsertAndReadExpense() in D:\NTGiang\AITrainning\src\ExpenseTracker.Tests\DbIntegrationTests.cs:line 18&#xD;
   at System.Reflection.MethodBaseInvoker.InterpretedInvoke_Method(Object obj, IntPtr* args)&#xD;
   at System.Reflection.MethodBaseInvoker.InvokeWithNoArgs(Object obj, BindingFlags invokeAttr)&#xD;
----- Inner Stack Trace -----&#xD;
</StackTrace>
        </ErrorInfo>
      </Output>
    </UnitTestResult>
  </Results>
  <TestDefinitions>
    <UnitTest name="ExpenseTracker.Tests.UnitTest1.Test1" storage="d:\ntgiang\aitrainning\src\expensetracker.tests\bin\debug\net10.0\expensetracker.tests.dll" id="627ab8eb-3921-2355-d646-8378ca3d64ac">
      <Execution id="a25a8322-c4da-45f0-ac4f-58f583b89ca7" />
      <TestMethod codeBase="D:\NTGiang\AITrainning\src\ExpenseTracker.Tests\bin\Debug\net10.0\ExpenseTracker.Tests.dll" adapterTypeName="executor://xunit/VsTestRunner3/netcore/" className="ExpenseTracker.Tests.UnitTest1" name="Test1" />
    </UnitTest>
    <UnitTest name="ExpenseTracker.Tests.DbIntegrationTests.CanInsertAndReadExpense" storage="d:\ntgiang\aitrainning\src\expensetracker.tests\bin\debug\net10.0\expensetracker.tests.dll" id="4f6a32a1-bdfb-6c0c-b52c-dc1e554eb854">
      <Execution id="77491745-7fca-46e2-ae89-232778f9b9f5" />
      <TestMethod codeBase="D:\NTGiang\AITrainning\src\ExpenseTracker.Tests\bin\Debug\net10.0\ExpenseTracker.Tests.dll" adapterTypeName="executor://xunit/VsTestRunner3/netcore/" className="ExpenseTracker.Tests.DbIntegrationTests" name="CanInsertAndReadExpense" />
    </UnitTest>
  </TestDefinitions>
  <TestEntries>
    <TestEntry testId="627ab8eb-3921-2355-d646-8378ca3d64ac" executionId="a25a8322-c4da-45f0-ac4f-58f583b89ca7" testListId="8c84fa94-04c1-424b-9868-57a2d4851a1d" />
    <TestEntry testId="4f6a32a1-bdfb-6c0c-b52c-dc1e554eb854" executionId="77491745-7fca-46e2-ae89-232778f9b9f5" testListId="8c84fa94-04c1-424b-9868-57a2d4851a1d" />
  </TestEntries>
  <TestLists>
    <TestList name="Results Not in a List" id="8c84fa94-04c1-424b-9868-57a2d4851a1d" />
    <TestList name="All Loaded Results" id="19431567-8539-422a-85d7-44ee4e166bda" />
  </TestLists>
  <ResultSummary outcome="Failed">
    <Counters total="2" executed="2" passed="1" failed="1" error="0" timeout="0" aborted="0" inconclusive="0" passedButRunAborted="0" notRunnable="0" notExecuted="0" disconnected="0" warning="0" completed="0" inProgress="0" pending="0" />
    <Output>
      <StdOut>[xUnit.net 00:00:00.00] xUnit.net VSTest Adapter v3.1.4+50e68bbb8b (64-bit .NET 10.0.1)&#xD;
[xUnit.net 00:00:00.06]   Discovering: ExpenseTracker.Tests&#xD;
[xUnit.net 00:00:00.08]   Discovered:  ExpenseTracker.Tests&#xD;
[xUnit.net 00:00:00.10]   Starting:    ExpenseTracker.Tests&#xD;
[xUnit.net 00:00:00.20]       Microsoft.Data.SqlClient.SqlException : A connection was successfully established with the server, but then an error occurred during the login process. (provider: SSL Provider, error: 0 - The certificate chain was issued by an authority that is not trusted.)&#xD;
[xUnit.net 00:00:00.20]       ---- System.ComponentModel.Win32Exception : The certificate chain was issued by an authority that is not trusted.&#xD;
[xUnit.net 00:00:00.20]       Stack Trace:&#xD;
[xUnit.net 00:00:00.20]            at Microsoft.Data.SqlClient.SqlInternalConnection.OnError(SqlException exception, Boolean breakConnection, Action`1 wrapCloseInAction)&#xD;
[xUnit.net 00:00:00.20]            at Microsoft.Data.SqlClient.TdsParser.ThrowExceptionAndWarning(TdsParserStateObject stateObj, Boolean callerHasConnectionLock, Boolean asyncClose)&#xD;
[xUnit.net 00:00:00.20]            at Microsoft.Data.SqlClient.TdsParserStateObject.ThrowExceptionAndWarning(Boolean callerHasConnectionLock, Boolean asyncClose)&#xD;
[xUnit.net 00:00:00.20]            at Microsoft.Data.SqlClient.TdsParserStateObject.SNIWritePacket(PacketHandle packet, UInt32&amp; sniError, Boolean canAccumulate, Boolean callerHasConnectionLock, Boolean asyncClose)&#xD;
[xUnit.net 00:00:00.20]            at Microsoft.Data.SqlClient.TdsParserStateObject.WriteSni(Boolean canAccumulate)&#xD;
[xUnit.net 00:00:00.20]            at Microsoft.Data.SqlClient.TdsParserStateObject.WritePacket(Byte flushMode, Boolean canAccumulate)&#xD;
[xUnit.net 00:00:00.20]            at Microsoft.Data.SqlClient.TdsParser.TdsLogin(SqlLogin rec, FeatureExtension requestedFeatures, SessionData recoverySessionData, FederatedAuthenticationFeatureExtensionData fedAuthFeatureExtensionData, SqlConnectionEncryptOption encrypt)&#xD;
[xUnit.net 00:00:00.20]            at Microsoft.Data.SqlClient.SqlInternalConnectionTds.Login(ServerInfo server, TimeoutTimer timeout, String newPassword, SecureString newSecurePassword, SqlConnectionEncryptOption encrypt)&#xD;
[xUnit.net 00:00:00.20]            at Microsoft.Data.SqlClient.SqlInternalConnectionTds.AttemptOneLogin(ServerInfo serverInfo, String newPassword, SecureString newSecurePassword, Boolean ignoreSniOpenTimeout, TimeoutTimer timeout, Boolean withFailover)&#xD;
[xUnit.net 00:00:00.20]            at Microsoft.Data.SqlClient.SqlInternalConnectionTds.LoginNoFailover(ServerInfo serverInfo, String newPassword, SecureString newSecurePassword, Boolean redirectedUserInstance, SqlConnectionString connectionOptions, SqlCredential credential, TimeoutTimer timeout)&#xD;
[xUnit.net 00:00:00.20]            at Microsoft.Data.SqlClient.SqlInternalConnectionTds.OpenLoginEnlist(TimeoutTimer timeout, SqlConnectionString connectionOptions, SqlCredential credential, String newPassword, SecureString newSecurePassword, Boolean redirectedUserInstance)&#xD;
[xUnit.net 00:00:00.20]            at Microsoft.Data.SqlClient.SqlInternalConnectionTds..ctor(DbConnectionPoolIdentity identity, SqlConnectionString connectionOptions, SqlCredential credential, Object providerInfo, String newPassword, SecureString newSecurePassword, Boolean redirectedUserInstance, SqlConnectionString userConnectionOptions, SessionData reconnectSessionData, Boolean applyTransientFaultHandling, String accessToken, DbConnectionPool pool)&#xD;
[xUnit.net 00:00:00.20]            at Microsoft.Data.SqlClient.SqlConnectionFactory.CreateConnection(DbConnectionOptions options, DbConnectionPoolKey poolKey, Object poolGroupProviderInfo, DbConnectionPool pool, DbConnection owningConnection, DbConnectionOptions userOptions)&#xD;
[xUnit.net 00:00:00.20]            at Microsoft.Data.ProviderBase.DbConnectionFactory.CreatePooledConnection(DbConnectionPool pool, DbConnection owningObject, DbConnectionOptions options, DbConnectionPoolKey poolKey, DbConnectionOptions userOptions)&#xD;
[xUnit.net 00:00:00.20]            at Microsoft.Data.ProviderBase.DbConnectionPool.CreateObject(DbConnection owningObject, DbConnectionOptions userOptions, DbConnectionInternal oldConnection)&#xD;
[xUnit.net 00:00:00.20]            at Microsoft.Data.ProviderBase.DbConnectionPool.UserCreateRequest(DbConnection owningObject, DbConnectionOptions userOptions, DbConnectionInternal oldConnection)&#xD;
[xUnit.net 00:00:00.20]            at Microsoft.Data.ProviderBase.DbConnectionPool.TryGetConnection(DbConnection owningObject, UInt32 waitForMultipleObjectsTimeout, Boolean allowCreate, Boolean onlyOneCheckConnection, DbConnectionOptions userOptions, DbConnectionInternal&amp; connection)&#xD;
[xUnit.net 00:00:00.20]            at Microsoft.Data.ProviderBase.DbConnectionPool.TryGetConnection(DbConnection owningObject, TaskCompletionSource`1 retry, DbConnectionOptions userOptions, DbConnectionInternal&amp; connection)&#xD;
[xUnit.net 00:00:00.20]            at Microsoft.Data.ProviderBase.DbConnectionFactory.TryGetConnection(DbConnection owningConnection, TaskCompletionSource`1 retry, DbConnectionOptions userOptions, DbConnectionInternal oldConnection, DbConnectionInternal&amp; connection)&#xD;
[xUnit.net 00:00:00.20]            at Microsoft.Data.ProviderBase.DbConnectionInternal.TryOpenConnectionInternal(DbConnection outerConnection, DbConnectionFactory connectionFactory, TaskCompletionSource`1 retry, DbConnectionOptions userOptions)&#xD;
[xUnit.net 00:00:00.20]            at Microsoft.Data.ProviderBase.DbConnectionClosed.TryOpenConnection(DbConnection outerConnection, DbConnectionFactory connectionFactory, TaskCompletionSource`1 retry, DbConnectionOptions userOptions)&#xD;
[xUnit.net 00:00:00.20]            at Microsoft.Data.SqlClient.SqlConnection.TryOpen(TaskCompletionSource`1 retry, SqlConnectionOverrides overrides)&#xD;
[xUnit.net 00:00:00.20]            at Microsoft.Data.SqlClient.SqlConnection.Open(SqlConnectionOverrides overrides)&#xD;
[xUnit.net 00:00:00.20]            at Microsoft.Data.SqlClient.SqlConnection.Open()&#xD;
[xUnit.net 00:00:00.21]         D:\NTGiang\AITrainning\src\ExpenseTracker.Tests\DbIntegrationTests.cs(18,0): at ExpenseTracker.Tests.DbIntegrationTests.CanInsertAndReadExpense()&#xD;
[xUnit.net 00:00:00.21]            at System.Reflection.MethodBaseInvoker.InterpretedInvoke_Method(Object obj, IntPtr* args)&#xD;
[xUnit.net 00:00:00.21]            at System.Reflection.MethodBaseInvoker.InvokeWithNoArgs(Object obj, BindingFlags invokeAttr)&#xD;
[xUnit.net 00:00:00.21]         ----- Inner Stack Trace -----&#xD;
[xUnit.net 00:00:00.21]         &#xD;
[xUnit.net 00:00:00.21]   Finished:    ExpenseTracker.Tests&#xD;
</StdOut>
    </Output>
    <RunInfos>
      <RunInfo computerName="VELRA" outcome="Error" timestamp="2026-08-19T09:01:34.8204451+09:00">
        <Text>[xUnit.net 00:00:00.20]     ExpenseTracker.Tests.DbIntegrationTests.CanInsertAndReadExpense [FAIL]</Text>
      </RunInfo>
    </RunInfos>
  </ResultSummary>
</TestRun>